<?xml version="1.0" encoding="UTF-8"?>
<testsuite xmlns:xsi="http://www.w3.org/2001/XMLSchema-instance" xsi:noNamespaceSchemaLocation="https://maven.apache.org/surefire/maven-surefire-plugin/xsd/surefire-test-report.xsd" version="3.0.2" name="com.itesm.interfaces.rest.DiagnosisAssistantResourceTest" time="4.635" tests="4" errors="1" skipped="3" failures="0">
  <properties>
[...]
</properties>
  <testcase name="shouldReturn401WhenNoToken" classname="com.itesm.interfaces.rest.DiagnosisAssistantResourceTest" time="0.016">
    <error message="java.lang.RuntimeException: Failed to start quarkus" type="java.lang.RuntimeException"><![CDATA[java.lang.RuntimeException: java.lang.RuntimeException: Failed to start quarkus
	at io.quarkus.test.junit.QuarkusTestExtension.throwBootFailureException(QuarkusTestExtension.java:665)
	at io.quarkus.test.junit.QuarkusTestExtension.interceptTestClassConstructor(QuarkusTestExtension.java:760)
	at java.base/java.util.Optional.orElseGet(Optional.java:364)
	at java.base/java.util.ArrayList.forEach(ArrayList.java:1604)
	at java.base/java.util.ArrayList.forEach(ArrayList.java:1604)
Caused by: java.lang.RuntimeException: Failed to start quarkus
	at io.quarkus.runner.ApplicationImpl.doStart(Unknown Source)
	at io.quarkus.runtime.Application.start(Application.java:116)
	at java.base/java.lang.reflect.Method.invoke(Method.java:565)
	at io.quarkus.runner.bootstrap.StartupActionImpl.run(StartupActionImpl.java:339)
	at io.quarkus.test.junit.QuarkusTestExtension.doJavaStart(QuarkusTestExtension.java:231)
	at io.quarkus.test.junit.QuarkusTestExtension.ensureStarted(QuarkusTestExtension.java:639)
	at io.quarkus.test.junit.QuarkusTestExtension.beforeAll(QuarkusTestExtension.java:684)
	... 1 more
Caused by: jakarta.persistence.PersistenceException: [PersistenceUnit: <default>] Unable to build Hibernate SessionFactory
	at io.quarkus.hibernate.orm.runtime.boot.FastBootEntityManagerFactoryBuilder.persistenceException(FastBootEntityManagerFactoryBuilder.java:132)
	at io.quarkus.hibernate.orm.runtime.boot.FastBootEntityManagerFactoryBuilder.build(FastBootEntityManagerFactoryBuilder.java:99)
	at io.quarkus.hibernate.orm.runtime.FastBootHibernatePersistenceProvider.createEntityManagerFactory(FastBootHibernatePersistenceProvider.java:90)
	at jakarta.persistence.Persistence.createEntityManagerFactory(Persistence.java:90)
	at io.quarkus.hibernate.orm.runtime.JPAConfig$LazyPersistenceUnit.get(JPAConfig.java:178)
	at io.quarkus.hibernate.orm.runtime.JPAConfig$1.run(JPAConfig.java:65)
	at java.base/java.lang.Thread.run(Thread.java:1474)
Caused by: org.hibernate.exception.GenericJDBCException: Unable to open JDBC Connection for DDL execution [Driver does not support the provided URL: jdbc:mysql://localhost:3306/statusscope] [n/a]
	at org.hibernate.exception.internal.StandardSQLExceptionConverter.convert(StandardSQLExceptionConverter.java:39)
	at org.hibernate.engine.jdbc.spi.SqlExceptionHelper.convert(SqlExceptionHelper.java:115)
	at org.hibernate.engine.jdbc.spi.SqlExceptionHelper.convert(SqlExceptionHelper.java:101)
	at org.hibernate.resource.transaction.backend.jta.internal.DdlTransactionIsolatorJtaImpl.getIsolatedConnection(DdlTransactionIsolatorJtaImpl.java:74)
	at org.hibernate.tool.schema.internal.exec.GenerationTargetToDatabase.getIsolatedConnection(GenerationTargetToDatabase.java:57)
	at org.hibernate.tool.schema.internal.exec.GenerationTargetToDatabase.jdbcStatement(GenerationTargetToDatabase.java:111)
	at org.hibernate.tool.schema.internal.exec.GenerationTargetToDatabase.accept(GenerationTargetToDatabase.java:75)
	at org.hibernate.tool.schema.internal.Helper.applySqlString(Helper.java:218)
	at org.hibernate.tool.schema.internal.Helper.applySqlStrings(Helper.java:204)
	at org.hibernate.tool.schema.internal.SchemaDropperImpl.dropTables(SchemaDropperImpl.java:376)
	at org.hibernate.tool.schema.internal.SchemaDropperImpl.dropConstraintsTablesSequences(SchemaDropperImpl.java:248)
	at org.hibernate.tool.schema.internal.SchemaDropperImpl.dropFromMetadata(SchemaDropperImpl.java:210)
	at org.hibernate.tool.schema.internal.SchemaDropperImpl.performDrop(SchemaDropperImpl.java:182)
	at org.hibernate.tool.schema.internal.SchemaDropperImpl.doDrop(SchemaDropperImpl.java:152)
	at org.hibernate.tool.schema.internal.SchemaDropperImpl.doDrop(SchemaDropperImpl.java:112)
	at org.hibernate.tool.schema.spi.SchemaManagementToolCoordinator.performDatabaseAction(SchemaManagementToolCoordinator.java:227)
	at org.hibernate.tool.schema.spi.SchemaManagementToolCoordinator.lambda$process$1(SchemaManagementToolCoordinator.java:101)
	at java.base/java.util.HashMap.forEach(HashMap.java:1430)
	at org.hibernate.tool.schema.spi.SchemaManagementToolCoordinator.process(SchemaManagementToolCoordinator.java:100)
	at io.quarkus.hibernate.orm.runtime.observers.SessionFactoryObserverForSchemaExport.sessionFactoryCreated(SessionFactoryObserverForSchemaExport.java:21)
	at org.hibernate.internal.SessionFactoryObserverChain.sessionFactoryCreated(SessionFactoryObserverChain.java:33)
	at org.hibernate.internal.SessionFactoryImpl.<init>(SessionFactoryImpl.java:323)
	at io.quarkus.hibernate.orm.runtime.boot.FastBootEntityManagerFactoryBuilder.build(FastBootEntityManagerFactoryBuilder.java:97)
	... 5 more
Caused by: java.sql.SQLException: Driver does not support the provided URL: jdbc:mysql://localhost:3306/statusscope
	at io.agroal.pool.ConnectionFactory.connectionSetup(ConnectionFactory.java:241)
	at io.agroal.pool.ConnectionFactory.createConnection(ConnectionFactory.java:225)
	at io.agroal.pool.ConnectionPool$CreateConnectionTask.call(ConnectionPool.java:625)
	at io.agroal.pool.ConnectionPool$CreateConnectionTask.call(ConnectionPool.java:606)
	at java.base/java.util.concurrent.FutureTask.run(FutureTask.java:328)
	at io.agroal.pool.util.PriorityScheduledExecutor.beforeExecute(PriorityScheduledExecutor.java:75)
	at java.base/java.util.concurrent.ThreadPoolExecutor.runWorker(ThreadPoolExecutor.java:1088)
	at java.base/java.util.concurrent.ThreadPoolExecutor$Worker.run(ThreadPoolExecutor.java:614)
	... 1 more
]]></error>
    <system-out><![CDATA[2026-05-05 20:03:59,172 INFO  [org.hibernate.orm.jpa] (main) HHH008540: Processing PersistenceUnitInfo [name: <default>]
2026-05-05 20:03:59,556 INFO  [org.hibernate.orm.core] (main) HHH000001: Hibernate ORM core version 7.2.4.Final
2026-05-05 20:04:00,109 INFO  [org.hibernate.orm.connections.pooling] (main) HHH10001005: Database info:
	Database JDBC URL [undefined/unknown]
	Database driver: undefined/unknown
	Database dialect: H2Dialect
	Database version: 2.4.240
	Default catalog/schema: unknown/unknown
	Autocommit mode: undefined/unknown
	Isolation level: <unknown>
	JDBC fetch size: undefined/unknown
	Pool: undefined/unknown
	Minimum pool size: undefined/unknown
	Maximum pool size: undefined/unknown
2026-05-05 20:04:00,636 INFO  [org.hibernate.validator.internal.util.Version] (main) HV000001: Hibernate Validator 9.1.0.Final
2026-05-05 20:04:00,951 WARN  [org.hibernate.validator.internal.metadata.aggregated.CascadingMetaDataBuilder] (main) HV000271: Using `@Valid` on a container (java.util.List) is deprecated. You should apply the annotation on the type argument(s). Affected element: messages
2026-05-05 20:04:01,855 WARN  [io.agroal.pool] (JPA Startup Thread) Datasource '<default>': Driver does not support the provided URL: jdbc:mysql://localhost:3306/statusscope
2026-05-05 20:04:01,922 WARN  [io.agroal.pool] (agroal-11) Datasource '<default>': Driver does not support the provided URL: jdbc:mysql://localhost:3306/statusscope
2026-05-05 20:04:01,922 WARN  [org.hibernate.orm.jdbc.error] (JPA Startup Thread) HHH000247: ErrorCode: 0, SQLState: null
2026-05-05 20:04:01,922 WARN  [org.hibernate.orm.jdbc.error] (JPA Startup Thread) Driver does not support the provided URL: jdbc:mysql://localhost:3306/statusscope
2026-05-05 20:04:01,922 WARN  [org.hibernate.orm.jdbc] (JPA Startup Thread) HHH100046: Could not obtain connection to query JDBC database metadata: org.hibernate.exception.GenericJDBCException: Unable to obtain isolated JDBC connection [Driver does not support the provided URL: jdbc:mysql://localhost:3306/statusscope] [n/a]
	at org.hibernate.exception.internal.StandardSQLExceptionConverter.convert(StandardSQLExceptionConverter.java:39)
	at org.hibernate.engine.jdbc.spi.SqlExceptionHelper.convert(SqlExceptionHelper.java:115)
	at org.hibernate.engine.jdbc.spi.SqlExceptionHelper.convert(SqlExceptionHelper.java:101)
	at org.hibernate.resource.transaction.backend.jta.internal.JtaIsolationDelegate.convert(JtaIsolationDelegate.java:228)
	at org.hibernate.resource.transaction.backend.jta.internal.JtaIsolationDelegate.doTheWork(JtaIsolationDelegate.java:196)
	at org.hibernate.resource.transaction.backend.jta.internal.JtaIsolationDelegate.lambda$delegateWork$0(JtaIsolationDelegate.java:75)
	at org.hibernate.resource.transaction.backend.jta.internal.JtaIsolationDelegate.doInSuspendedTransaction(JtaIsolationDelegate.java:111)
	at org.hibernate.resource.transaction.backend.jta.internal.JtaIsolationDelegate.delegateWork(JtaIsolationDelegate.java:72)
	at org.hibernate.engine.jdbc.env.internal.JdbcEnvironmentInitiator.getJdbcEnvironmentUsingJdbcMetadata(JdbcEnvironmentInitiator.java:366)
	at org.hibernate.engine.jdbc.env.internal.JdbcEnvironmentInitiator.getJdbcEnvironment(JdbcEnvironmentInitiator.java:143)
	at org.hibernate.engine.jdbc.env.internal.JdbcEnvironmentInitiator.initiateService(JdbcEnvironmentInitiator.java:120)
	at org.hibernate.engine.jdbc.env.internal.JdbcEnvironmentInitiator.initiateService(JdbcEnvironmentInitiator.java:80)
	at org.hibernate.boot.registry.internal.StandardServiceRegistryImpl.initiateService(StandardServiceRegistryImpl.java:133)
	at org.hibernate.service.internal.AbstractServiceRegistryImpl.createService(AbstractServiceRegistryImpl.java:260)
	at org.hibernate.service.internal.AbstractServiceRegistryImpl.initializeService(AbstractServiceRegistryImpl.java:235)
	at org.hibernate.service.internal.AbstractServiceRegistryImpl.getService(AbstractServiceRegistryImpl.java:212)
	at org.hibernate.service.ServiceRegistry.requireService(ServiceRegistry.java:66)
	at org.hibernate.engine.jdbc.internal.JdbcServicesImpl.configure(JdbcServicesImpl.java:50)
	at org.hibernate.boot.registry.internal.StandardServiceRegistryImpl.configureService(StandardServiceRegistryImpl.java:139)
	at org.hibernate.service.internal.AbstractServiceRegistryImpl.initializeService(AbstractServiceRegistryImpl.java:244)
	at org.hibernate.service.internal.AbstractServiceRegistryImpl.getService(AbstractServiceRegistryImpl.java:212)
	at org.hibernate.service.ServiceRegistry.requireService(ServiceRegistry.java:66)
	at org.hibernate.boot.internal.SessionFactoryOptionsBuilder.<init>(SessionFactoryOptionsBuilder.java:273)
	at io.quarkus.hibernate.orm.runtime.recording.PrevalidatedQuarkusMetadata.buildSessionFactoryOptionsBuilder(PrevalidatedQuarkusMetadata.java:70)
	at io.quarkus.hibernate.orm.runtime.boot.FastBootEntityManagerFactoryBuilder.build(FastBootEntityManagerFactoryBuilder.java:94)
	at io.quarkus.hibernate.orm.runtime.FastBootHibernatePersistenceProvider.createEntityManagerFactory(FastBootHibernatePersistenceProvider.java:90)
	at jakarta.persistence.Persistence.createEntityManagerFactory(Persistence.java:90)
	at io.quarkus.hibernate.orm.runtime.JPAConfig$LazyPersistenceUnit.get(JPAConfig.java:178)
	at io.quarkus.hibernate.orm.runtime.JPAConfig$1.run(JPAConfig.java:65)
	at java.base/java.lang.Thread.run(Thread.java:1474)
Caused by: java.sql.SQLException: Driver does not support the provided URL: jdbc:mysql://localhost:3306/statusscope
	at io.agroal.pool.ConnectionFactory.connectionSetup(ConnectionFactory.java:241)
	at io.agroal.pool.ConnectionFactory.createConnection(ConnectionFactory.java:225)
	at io.agroal.pool.ConnectionPool$CreateConnectionTask.call(ConnectionPool.java:625)
	at io.agroal.pool.ConnectionPool$CreateConnectionTask.call(ConnectionPool.java:606)
	at java.base/java.util.concurrent.FutureTask.run(FutureTask.java:328)
	at io.agroal.pool.util.PriorityScheduledExecutor.beforeExecute(PriorityScheduledExecutor.java:75)
	at java.base/java.util.concurrent.ThreadPoolExecutor.runWorker(ThreadPoolExecutor.java:1088)
	at java.base/java.util.concurrent.ThreadPoolExecutor$Worker.run(ThreadPoolExecutor.java:614)
	... 1 more

&amp#27;[35m[Hibernate]&amp#27;[0m 
    &amp#27;[34mdrop&amp#27;[0m &amp#27;[34mtable&amp#27;[0m &amp#27;[34mif&amp#27;[0m &amp#27;[34mexists&amp#27;[0m alerts &amp#27;[34mcascade&amp#27;[0m 
2026-05-05 20:04:03,072 WARN  [io.agroal.pool] (agroal-11) Datasource '<default>': Driver does not support the provided URL: jdbc:mysql://localhost:3306/statusscope
2026-05-05 20:04:03,072 WARN  [org.hibernate.orm.jdbc.error] (JPA Startup Thread) HHH000247: ErrorCode: 0, SQLState: null
2026-05-05 20:04:03,072 WARN  [org.hibernate.orm.jdbc.error] (JPA Startup Thread) Driver does not support the provided URL: jdbc:mysql://localhost:3306/statusscope
]]></system-out>
  </testcase>
  <testcase name="shouldReturnContextUsedInResponse" classname="com.itesm.interfaces.rest.DiagnosisAssistantResourceTest" time="0.0">
    <skipped type="org.opentest4j.TestAbortedException"><![CDATA[org.opentest4j.TestAbortedException: Boot failed
	at io.quarkus.test.junit.QuarkusTestExtension.throwBootFailureException(QuarkusTestExtension.java:667)
	at io.quarkus.test.junit.QuarkusTestExtension.interceptTestClassConstructor(QuarkusTestExtension.java:760)
	at java.base/java.util.Optional.orElseGet(Optional.java:364)
	at java.base/java.util.ArrayList.forEach(ArrayList.java:1604)
	at java.base/java.util.ArrayList.forEach(ArrayList.java:1604)
]]></skipped>
  </testcase>
  <testcase name="shouldReturn403WhenCallerIsHospitalAdmin" classname="com.itesm.interfaces.rest.DiagnosisAssistantResourceTest" time="0.0">
    <skipped type="org.opentest4j.TestAbortedException"><![CDATA[org.opentest4j.TestAbortedException: Boot failed
	at io.quarkus.test.junit.QuarkusTestExtension.throwBootFailureException(QuarkusTestExtension.java:667)
	at io.quarkus.test.junit.QuarkusTestExtension.interceptTestClassConstructor(QuarkusTestExtension.java:760)
	at java.base/java.util.Optional.orElseGet(Optional.java:364)
	at java.base/java.util.ArrayList.forEach(ArrayList.java:1604)
	at java.base/java.util.ArrayList.forEach(ArrayList.java:1604)
]]></skipped>
  </testcase>
  <testcase name="shouldReturn200WithReplyWhenCallerIsDoctor" classname="com.itesm.interfaces.rest.DiagnosisAssistantResourceTest" time="0.0">
    <skipped type="org.opentest4j.TestAbortedException"><![CDATA[org.opentest4j.TestAbortedException: Boot failed
	at io.quarkus.test.junit.QuarkusTestExtension.throwBootFailureException(QuarkusTestExtension.java:667)
	at io.quarkus.test.junit.QuarkusTestExtension.interceptTestClassConstructor(QuarkusTestExtension.java:760)
	at java.base/java.util.Optional.orElseGet(Optional.java:364)
	at java.base/java.util.ArrayList.forEach(ArrayList.java:1604)
	at java.base/java.util.ArrayList.forEach(ArrayList.java:1604)
]]></skipped>
  </testcase>
</testsuite>