<?xml version="1.0" encoding="UTF-8"?>
<testsuite xmlns:xsi="http://www.w3.org/2001/XMLSchema-instance" xsi:noNamespaceSchemaLocation="https://maven.apache.org/surefire/maven-surefire-plugin/xsd/surefire-test-report.xsd" version="3.0.2" name="com.itesm.application.security.AuthorizationServiceTest" time="0.072" tests="3" errors="0" skipped="0" failures="0">
  <properties>
[...]
</properties>
  <testcase name="shouldThrowUnauthorizedWhenNoUserInContext" classname="com.itesm.application.security.AuthorizationServiceTest" time="0.052"/>
  <testcase name="shouldThrowForbiddenWhenMissingPrivilege" classname="com.itesm.application.security.AuthorizationServiceTest" time="0.005"/>
  <testcase name="shouldPassWhenPrivilegePresent" classname="com.itesm.application.security.AuthorizationServiceTest" time="0.008"/>
</testsuite>